<?xml version="1.0" encoding="UTF-8"?>
<!-- Generated by org.testng.reporters.JUnitReportReporter -->
<testsuite hostname="DESKTOP-3N0O4DU" failures="0" tests="1" name="com.actitime.testscrpit.CreateModule" time="0.011" errors="0" timestamp="2024-01-06T16:43:11 IST" skipped="0">
  <testcase classname="com.actitime.testscrpit.CreateModule" name="CreateCustomer" time="0.011"/>
  <system-out>
    <![CDATA[CreateCustomer]]>
  </system-out>
</testsuite> <!-- com.actitime.testscrpit.CreateModule -->
